

Microchip MPLAB XC8 Assembler V2.10 build 88905656 
                                                                                               Tue Mar 14 11:12:23 2023

Microchip MPLAB XC8 C Compiler v2.10 (Free license) build 20190730164152 Og1 
     1                           	processor	18F47K42
     2                           	fnconf	rparam,??,?,0
     3                           	opt	pw 120
     4                           	opt	flic
     5                           	psect	cinit,global,reloc=2,class=CODE,delta=1
     6                           	psect	bssCOMRAM,global,class=COMRAM,space=1,delta=1,noexec
     7                           	psect	cstackCOMRAM,global,class=COMRAM,space=1,delta=1,noexec
     8                           	psect	text0,global,reloc=2,class=CODE,delta=1
     9                           	psect	text1,global,reloc=2,class=CODE,delta=1
    10                           	psect	text2,global,reloc=2,class=CODE,delta=1
    11                           	psect	text3,global,reloc=2,class=CODE,delta=1
    12                           	psect	intsave_regs,global,class=BIGRAM,space=1,delta=1,noexec
    13                           	psect	rparam,global,class=COMRAM,space=1,delta=1,noexec
    14  0000                     
    15                           ; Version 2.10
    16                           ; Generated 31/07/2019 GMT
    17                           ; 
    18                           ; Copyright © 2019, Microchip Technology Inc. and its subsidiaries ("Microchip")
    19                           ; All rights reserved.
    20                           ; 
    21                           ; This software is developed by Microchip Technology Inc. and its subsidiaries ("Microch
      +                          ip").
    22                           ; 
    23                           ; Redistribution and use in source and binary forms, with or without modification, are
    24                           ; permitted provided that the following conditions are met:
    25                           ; 
    26                           ;     1. Redistributions of source code must retain the above copyright notice, this lis
      +                          t of
    27                           ;        conditions and the following disclaimer.
    28                           ; 
    29                           ;     2. Redistributions in binary form must reproduce the above copyright notice, this 
      +                          list
    30                           ;        of conditions and the following disclaimer in the documentation and/or other
    31                           ;        materials provided with the distribution.
    32                           ; 
    33                           ;     3. Microchip's name may not be used to endorse or promote products derived from th
      +                          is
    34                           ;        software without specific prior written permission.
    35                           ; 
    36                           ; THIS SOFTWARE IS PROVIDED BY MICROCHIP "AS IS" AND ANY EXPRESS OR IMPLIED WARRANTIES,
    37                           ; INCLUDING, BUT NOT LIMITED TO, THE IMPLIED WARRANTIES OF MERCHANTABILITY AND FITNESS F
      +                          OR
    38                           ; PURPOSE ARE DISCLAIMED.  IN NO EVENT SHALL MICROCHIP BE LIABLE FOR ANY DIRECT, INDIREC
      +                          T,
    39                           ; INCIDENTAL, SPECIAL, EXEMPLARY, OR CONSEQUENTIAL DAMAGES (INCLUDING BUT NOT LIMITED TO
    40                           ; PROCUREMENT OF SUBSTITUTE GOODS OR SERVICES; LOSS OF USE, DATA OR PROFITS; OR BUSINESS
    41                           ; INTERRUPTION) HOWSOEVER CAUSED AND ON ANY THEORY OF LIABILITY, WHETHER IN CONTRACT, ST
      +                          RICT
    42                           ; LIABILITY, OR TORT (INCLUDING NEGLIGENCE OR OTHERWISE) ARISING IN ANY WAY OUT OF THE U
      +                          SE OF
    43                           ; THIS SOFTWARE, EVEN IF ADVISED OF THE POSSIBILITY OF SUCH DAMAGE.
    44                           ; 
    45                           ; 
    46                           ; Code-generator required, PIC18F47K42 Definitions
    47                           ; 
    48                           ; SFR Addresses
    49  0000                     _PIR6bits	set	14758
    50  0000                     _PIR3bits	set	14755
    51  0000                     _RD6PPS	set	14878
    52  0000                     _ANSELB	set	14928
    53  0000                     _WPUB	set	14929
    54  0000                     _ANSELC	set	14944
    55  0000                     _U2TXB	set	15826
    56  0000                     _U2CON1bits	set	15835
    57  0000                     _U2BRGL	set	15837
    58  0000                     _U2BRGH	set	15838
    59  0000                     _U2CON0bits	set	15834
    60  0000                     _TMR0L	set	16310
    61  0000                     _TMR0H	set	16311
    62  0000                     _T0CON1bits	set	16313
    63  0000                     _T0CON0bits	set	16312
    64  0000                     _TRISDbits	set	16325
    65  0000                     _LATB	set	16315
    66  0000                     _TRISB	set	16323
    67  0000                     _LATC	set	16316
    68  0000                     _TRISC	set	16324
    69                           
    70                           ; #config settings
    71  0000                     
    72                           	psect	cinit
    73  01FF80                     __pcinit:
    74                           	opt callstack 0
    75  01FF80                     start_initialization:
    76                           	opt callstack 0
    77  01FF80                     __initialization:
    78                           	opt callstack 0
    79                           
    80                           ; Clear objects allocated to COMRAM (2 bytes)
    81  01FF80  6A02               	clrf	(__pbssCOMRAM+1)& (0+255),c
    82  01FF82  6A01               	clrf	__pbssCOMRAM& (0+255),c
    83  01FF84                     end_of_initialization:
    84                           	opt callstack 0
    85  01FF84                     __end_of__initialization:
    86                           	opt callstack 0
    87  01FF84  0100               	movlb	0
    88  01FF86  EFBC  F0FF         	goto	_main	;jump to C main() function
    89                           
    90                           	psect	bssCOMRAM
    91  000001                     __pbssCOMRAM:
    92                           	opt callstack 0
    93  000001                     _wasFirstCharSent:
    94                           	opt callstack 0
    95  000001                     	ds	2
    96                           
    97                           	psect	cstackCOMRAM
    98  000000                     __pcstackCOMRAM:
    99                           	opt callstack 0
   100  000000                     
   101                           ; 1 bytes @ 0x0
   102 ;;
   103 ;;Main: autosize = 0, tempsize = 0, incstack = 0, save=0
   104 ;;
   105 ;; *************** function _main *****************
   106 ;; Defined at:
   107 ;;		line 184 in file "schularbeit2.c"
   108 ;; Parameters:    Size  Location     Type
   109 ;;		None
   110 ;; Auto vars:     Size  Location     Type
   111 ;;		None
   112 ;; Return value:  Size  Location     Type
   113 ;;                  1    wreg      void 
   114 ;; Registers used:
   115 ;;		wreg, status,2, status,0, cstack
   116 ;; Tracked objects:
   117 ;;		On entry : 0/0
   118 ;;		On exit  : 0/0
   119 ;;		Unchanged: 0/0
   120 ;; Data sizes:     COMRAM   BANK0   BANK1   BANK2   BANK3   BANK4   BANK5   BANK6   BANK7   BANK8   BANK9  BANK10  BANK1
      +1  BANK12  BANK13  BANK14  BANK15  BANK16  BANK17  BANK18  BANK19  BANK20  BANK21  BANK22  BANK23  BANK24  BANK25  BANK2
      +6  BANK27  BANK28  BANK29  BANK30  BANK31
   121 ;;      Params:         0       0       0       0       0       0       0       0       0       0       0       0       
      +0       0       0       0       0       0       0       0       0       0       0       0       0       0       0       
      +0       0       0       0       0       0
   122 ;;      Locals:         0       0       0       0       0       0       0       0       0       0       0       0       
      +0       0       0       0       0       0       0       0       0       0       0       0       0       0       0       
      +0       0       0       0       0       0
   123 ;;      Temps:          0       0       0       0       0       0       0       0       0       0       0       0       
      +0       0       0       0       0       0       0       0       0       0       0       0       0       0       0       
      +0       0       0       0       0       0
   124 ;;      Totals:         0       0       0       0       0       0       0       0       0       0       0       0       
      +0       0       0       0       0       0       0       0       0       0       0       0       0       0       0       
      +0       0       0       0       0       0
   125 ;;Total ram usage:        0 bytes
   126 ;; Hardware stack levels required when called:    2
   127 ;; This function calls:
   128 ;;		_uebung02
   129 ;; This function is called by:
   130 ;;		Startup code after reset
   131 ;; This function uses a non-reentrant model
   132 ;;
   133                           
   134                           	psect	text0
   135  01FF78                     __ptext0:
   136                           	opt callstack 0
   137  01FF78                     _main:
   138                           	opt callstack 29
   139  01FF78                     
   140                           ;schularbeit2.c: 186:     uebung02();
   141  01FF78  ECE5  F0FF         	call	_uebung02	;wreg free
   142  01FF7C  EFFE  F0FF         	goto	start
   143  01FF80                     __end_of_main:
   144                           	opt callstack 0
   145                           
   146 ;; *************** function _uebung02 *****************
   147 ;; Defined at:
   148 ;;		line 129 in file "schularbeit2.c"
   149 ;; Parameters:    Size  Location     Type
   150 ;;		None
   151 ;; Auto vars:     Size  Location     Type
   152 ;;		None
   153 ;; Return value:  Size  Location     Type
   154 ;;                  1    wreg      void 
   155 ;; Registers used:
   156 ;;		wreg, status,2, status,0, cstack
   157 ;; Tracked objects:
   158 ;;		On entry : 0/0
   159 ;;		On exit  : 0/0
   160 ;;		Unchanged: 0/0
   161 ;; Data sizes:     COMRAM   BANK0   BANK1   BANK2   BANK3   BANK4   BANK5   BANK6   BANK7   BANK8   BANK9  BANK10  BANK1
      +1  BANK12  BANK13  BANK14  BANK15  BANK16  BANK17  BANK18  BANK19  BANK20  BANK21  BANK22  BANK23  BANK24  BANK25  BANK2
      +6  BANK27  BANK28  BANK29  BANK30  BANK31
   162 ;;      Params:         0       0       0       0       0       0       0       0       0       0       0       0       
      +0       0       0       0       0       0       0       0       0       0       0       0       0       0       0       
      +0       0       0       0       0       0
   163 ;;      Locals:         0       0       0       0       0       0       0       0       0       0       0       0       
      +0       0       0       0       0       0       0       0       0       0       0       0       0       0       0       
      +0       0       0       0       0       0
   164 ;;      Temps:          0       0       0       0       0       0       0       0       0       0       0       0       
      +0       0       0       0       0       0       0       0       0       0       0       0       0       0       0       
      +0       0       0       0       0       0
   165 ;;      Totals:         0       0       0       0       0       0       0       0       0       0       0       0       
      +0       0       0       0       0       0       0       0       0       0       0       0       0       0       0       
      +0       0       0       0       0       0
   166 ;;Total ram usage:        0 bytes
   167 ;; Hardware stack levels used:    1
   168 ;; Hardware stack levels required when called:    1
   169 ;; This function calls:
   170 ;;		_InitPorts
   171 ;;		_InitTimer0
   172 ;; This function is called by:
   173 ;;		_main
   174 ;; This function uses a non-reentrant model
   175 ;;
   176                           
   177                           	psect	text1
   178  01FFCA                     __ptext1:
   179                           	opt callstack 0
   180  01FFCA                     _uebung02:
   181                           	opt callstack 29
   182  01FFCA                     
   183                           ;schularbeit2.c: 130:     InitPorts();
   184  01FFCA  ECC5  F0FF         	call	_InitPorts	;wreg free
   185                           
   186                           ;schularbeit2.c: 131:     InitTimer0();
   187  01FFCE  ECD5  F0FF         	call	_InitTimer0	;wreg free
   188  01FFD2                     
   189                           ;schularbeit2.c: 133:     T0CON0bits.OUTPS = 0b1000;
   190  01FFD2  50B8               	movf	184,w,c	;volatile
   191  01FFD4  0BF0               	andlw	-16
   192  01FFD6  0908               	iorlw	8
   193  01FFD8  6EB8               	movwf	184,c	;volatile
   194  01FFDA                     l791:
   195                           
   196                           ;schularbeit2.c: 136:     {;schularbeit2.c: 138:         if(PIR3bits.TMR0IF)
   197  01FFDA  0139               	movlb	57	; () banked
   198  01FFDC  AFA3               	btfss	163,7,b	;volatile
   199  01FFDE  EFF3  F0FF         	goto	u11
   200  01FFE2  EFF5  F0FF         	goto	u10
   201  01FFE6                     u11:
   202  01FFE6  EFED  F0FF         	goto	l791
   203  01FFEA                     u10:
   204  01FFEA                     
   205                           ; BSR set to: 57
   206                           ;schularbeit2.c: 139:         {;schularbeit2.c: 140:             TMR0H = 0x3C;
   207  01FFEA  0E3C               	movlw	60
   208  01FFEC  6EB7               	movwf	183,c	;volatile
   209                           
   210                           ;schularbeit2.c: 141:             TMR0L = 0xB0;
   211  01FFEE  0EB0               	movlw	176
   212  01FFF0  6EB6               	movwf	182,c	;volatile
   213  01FFF2                     
   214                           ; BSR set to: 57
   215                           ;schularbeit2.c: 142:             LATC = ~LATC;
   216  01FFF2  1EBC               	comf	188,f,c	;volatile
   217  01FFF4                     
   218                           ; BSR set to: 57
   219                           ;schularbeit2.c: 143:             PIR3bits.TMR0IF = 0;
   220  01FFF4  9FA3               	bcf	163,7,b	;volatile
   221  01FFF6  EFED  F0FF         	goto	l791
   222  01FFFA  0012               	return		;funcret
   223  01FFFC                     __end_of_uebung02:
   224                           	opt callstack 0
   225                           
   226 ;; *************** function _InitTimer0 *****************
   227 ;; Defined at:
   228 ;;		line 72 in file "schularbeit2.c"
   229 ;; Parameters:    Size  Location     Type
   230 ;;		None
   231 ;; Auto vars:     Size  Location     Type
   232 ;;		None
   233 ;; Return value:  Size  Location     Type
   234 ;;                  1    wreg      void 
   235 ;; Registers used:
   236 ;;		wreg, status,2
   237 ;; Tracked objects:
   238 ;;		On entry : 0/0
   239 ;;		On exit  : 0/0
   240 ;;		Unchanged: 0/0
   241 ;; Data sizes:     COMRAM   BANK0   BANK1   BANK2   BANK3   BANK4   BANK5   BANK6   BANK7   BANK8   BANK9  BANK10  BANK1
      +1  BANK12  BANK13  BANK14  BANK15  BANK16  BANK17  BANK18  BANK19  BANK20  BANK21  BANK22  BANK23  BANK24  BANK25  BANK2
      +6  BANK27  BANK28  BANK29  BANK30  BANK31
   242 ;;      Params:         0       0       0       0       0       0       0       0       0       0       0       0       
      +0       0       0       0       0       0       0       0       0       0       0       0       0       0       0       
      +0       0       0       0       0       0
   243 ;;      Locals:         0       0       0       0       0       0       0       0       0       0       0       0       
      +0       0       0       0       0       0       0       0       0       0       0       0       0       0       0       
      +0       0       0       0       0       0
   244 ;;      Temps:          0       0       0       0       0       0       0       0       0       0       0       0       
      +0       0       0       0       0       0       0       0       0       0       0       0       0       0       0       
      +0       0       0       0       0       0
   245 ;;      Totals:         0       0       0       0       0       0       0       0       0       0       0       0       
      +0       0       0       0       0       0       0       0       0       0       0       0       0       0       0       
      +0       0       0       0       0       0
   246 ;;Total ram usage:        0 bytes
   247 ;; Hardware stack levels used:    1
   248 ;; This function calls:
   249 ;;		Nothing
   250 ;; This function is called by:
   251 ;;		_uebung02
   252 ;;		_uebung01
   253 ;;		_uebung03
   254 ;; This function uses a non-reentrant model
   255 ;;
   256                           
   257                           	psect	text2
   258  01FFAA                     __ptext2:
   259                           	opt callstack 0
   260  01FFAA                     _InitTimer0:
   261                           	opt callstack 29
   262  01FFAA                     
   263                           ;schularbeit2.c: 74:     T0CON0bits.MD16 = 1;
   264  01FFAA  88B8               	bsf	184,4,c	;volatile
   265  01FFAC                     
   266                           ;schularbeit2.c: 75:     T0CON0bits.OUTPS = 0b0011;
   267  01FFAC  50B8               	movf	184,w,c	;volatile
   268  01FFAE  0BF0               	andlw	-16
   269  01FFB0  0903               	iorlw	3
   270  01FFB2  6EB8               	movwf	184,c	;volatile
   271                           
   272                           ;schularbeit2.c: 77:     T0CON1bits.CS = 0b010;
   273  01FFB4  50B9               	movf	185,w,c	;volatile
   274  01FFB6  0B1F               	andlw	-225
   275  01FFB8  0940               	iorlw	64
   276  01FFBA  6EB9               	movwf	185,c	;volatile
   277  01FFBC                     
   278                           ;schularbeit2.c: 78:     T0CON1bits.ASYNC = 1;
   279  01FFBC  88B9               	bsf	185,4,c	;volatile
   280                           
   281                           ;schularbeit2.c: 79:     T0CON1bits.CKPS = 0b0000;
   282  01FFBE  0EF0               	movlw	-16
   283  01FFC0  16B9               	andwf	185,f,c	;volatile
   284  01FFC2                     
   285                           ;schularbeit2.c: 81:     PIR3bits.TMR0IF = 0;
   286  01FFC2  0139               	movlb	57	; () banked
   287  01FFC4  9FA3               	bcf	163,7,b	;volatile
   288  01FFC6                     
   289                           ; BSR set to: 57
   290                           ;schularbeit2.c: 83:     T0CON0bits.EN = 1;
   291  01FFC6  8EB8               	bsf	184,7,c	;volatile
   292  01FFC8                     
   293                           ; BSR set to: 57
   294  01FFC8  0012               	return		;funcret
   295  01FFCA                     __end_of_InitTimer0:
   296                           	opt callstack 0
   297                           
   298 ;; *************** function _InitPorts *****************
   299 ;; Defined at:
   300 ;;		line 58 in file "schularbeit2.c"
   301 ;; Parameters:    Size  Location     Type
   302 ;;		None
   303 ;; Auto vars:     Size  Location     Type
   304 ;;		None
   305 ;; Return value:  Size  Location     Type
   306 ;;                  1    wreg      void 
   307 ;; Registers used:
   308 ;;		wreg, status,2
   309 ;; Tracked objects:
   310 ;;		On entry : 0/0
   311 ;;		On exit  : 0/0
   312 ;;		Unchanged: 0/0
   313 ;; Data sizes:     COMRAM   BANK0   BANK1   BANK2   BANK3   BANK4   BANK5   BANK6   BANK7   BANK8   BANK9  BANK10  BANK1
      +1  BANK12  BANK13  BANK14  BANK15  BANK16  BANK17  BANK18  BANK19  BANK20  BANK21  BANK22  BANK23  BANK24  BANK25  BANK2
      +6  BANK27  BANK28  BANK29  BANK30  BANK31
   314 ;;      Params:         0       0       0       0       0       0       0       0       0       0       0       0       
      +0       0       0       0       0       0       0       0       0       0       0       0       0       0       0       
      +0       0       0       0       0       0
   315 ;;      Locals:         0       0       0       0       0       0       0       0       0       0       0       0       
      +0       0       0       0       0       0       0       0       0       0       0       0       0       0       0       
      +0       0       0       0       0       0
   316 ;;      Temps:          0       0       0       0       0       0       0       0       0       0       0       0       
      +0       0       0       0       0       0       0       0       0       0       0       0       0       0       0       
      +0       0       0       0       0       0
   317 ;;      Totals:         0       0       0       0       0       0       0       0       0       0       0       0       
      +0       0       0       0       0       0       0       0       0       0       0       0       0       0       0       
      +0       0       0       0       0       0
   318 ;;Total ram usage:        0 bytes
   319 ;; Hardware stack levels used:    1
   320 ;; This function calls:
   321 ;;		Nothing
   322 ;; This function is called by:
   323 ;;		_uebung02
   324 ;;		_uebung01
   325 ;;		_uebung03
   326 ;; This function uses a non-reentrant model
   327 ;;
   328                           
   329                           	psect	text3
   330  01FF8A                     __ptext3:
   331                           	opt callstack 0
   332  01FF8A                     _InitPorts:
   333                           	opt callstack 29
   334  01FF8A                     
   335                           ;schularbeit2.c: 60:     TRISC = 0x00;
   336  01FF8A  0E00               	movlw	0
   337  01FF8C  6EC4               	movwf	196,c	;volatile
   338                           
   339                           ;schularbeit2.c: 61:     ANSELC = 0x00;
   340  01FF8E  0E00               	movlw	0
   341  01FF90  013A               	movlb	58	; () banked
   342  01FF92  6F60               	movwf	96,b	;volatile
   343                           
   344                           ;schularbeit2.c: 62:     LATC = 0x00;
   345  01FF94  0E00               	movlw	0
   346  01FF96  6EBC               	movwf	188,c	;volatile
   347  01FF98                     
   348                           ; BSR set to: 58
   349                           ;schularbeit2.c: 64:     TRISB = 0xff;
   350  01FF98  68C3               	setf	195,c	;volatile
   351                           
   352                           ;schularbeit2.c: 65:     WPUB = 0x07;
   353  01FF9A  0E07               	movlw	7
   354  01FF9C  6F51               	movwf	81,b	;volatile
   355                           
   356                           ;schularbeit2.c: 66:     ANSELB = 0x00;
   357  01FF9E  0E00               	movlw	0
   358  01FFA0  6F50               	movwf	80,b	;volatile
   359                           
   360                           ;schularbeit2.c: 67:     LATB = 0x00;
   361  01FFA2  0E00               	movlw	0
   362  01FFA4  6EBB               	movwf	187,c	;volatile
   363  01FFA6                     
   364                           ; BSR set to: 58
   365                           ;schularbeit2.c: 69:     TRISDbits.TRISD0 = 0;
   366  01FFA6  90C5               	bcf	197,0,c	;volatile
   367  01FFA8                     
   368                           ; BSR set to: 58
   369  01FFA8  0012               	return		;funcret
   370  01FFAA                     __end_of_InitPorts:
   371                           	opt callstack 0
   372  0000                     
   373                           	psect	rparam
   374  0000                     tosu	equ	0x3FFF
   375                           tosh	equ	0x3FFE
   376                           tosl	equ	0x3FFD
   377                           stkptr	equ	0x3FFC
   378                           pclatu	equ	0x3FFB
   379                           pclath	equ	0x3FFA
   380                           pcl	equ	0x3FF9
   381                           tblptru	equ	0x3FF8
   382                           tblptrh	equ	0x3FF7
   383                           tblptrl	equ	0x3FF6
   384                           tablat	equ	0x3FF5
   385                           prodh	equ	0x3FF4
   386                           prodl	equ	0x3FF3
   387                           indf0	equ	0x3FEF
   388                           postinc0	equ	0x3FEE
   389                           postdec0	equ	0x3FED
   390                           preinc0	equ	0x3FEC
   391                           plusw0	equ	0x3FEB
   392                           fsr0h	equ	0x3FEA
   393                           fsr0l	equ	0x3FE9
   394                           wreg	equ	0x3FE8
   395                           indf1	equ	0x3FE7
   396                           postinc1	equ	0x3FE6
   397                           postdec1	equ	0x3FE5
   398                           preinc1	equ	0x3FE4
   399                           plusw1	equ	0x3FE3
   400                           fsr1h	equ	0x3FE2
   401                           fsr1l	equ	0x3FE1
   402                           bsr	equ	0x3FE0
   403                           indf2	equ	0x3FDF
   404                           postinc2	equ	0x3FDE
   405                           postdec2	equ	0x3FDD
   406                           preinc2	equ	0x3FDC
   407                           plusw2	equ	0x3FDB
   408                           fsr2h	equ	0x3FDA
   409                           fsr2l	equ	0x3FD9
   410                           status	equ	0x3FD8


Data Sizes:
    Strings     0
    Constant    0
    Data        0
    BSS         2
    Persistent  0
    Stack       0

Auto Spaces:
    Space          Size  Autos    Used
    COMRAM           95      0       2
    BANK0           160      0       0
    BANK1           256      0       0
    BANK2           256      0       0
    BANK3           256      0       0
    BANK4           256      0       0
    BANK5           256      0       0
    BANK6           256      0       0
    BANK7           256      0       0
    BANK8           256      0       0
    BANK9           256      0       0
    BANK10          256      0       0
    BANK11          256      0       0
    BANK12          256      0       0
    BANK13          256      0       0
    BANK14          256      0       0
    BANK15          256      0       0
    BANK16          256      0       0
    BANK17          256      0       0
    BANK18          256      0       0
    BANK19          256      0       0
    BANK20          256      0       0
    BANK21          256      0       0
    BANK22          256      0       0
    BANK23          256      0       0
    BANK24          256      0       0
    BANK25          256      0       0
    BANK26          256      0       0
    BANK27          256      0       0
    BANK28          256      0       0
    BANK29          256      0       0
    BANK30          256      0       0
    BANK31          256      0       0

Pointer List with Targets:

    None.

Critical Paths under _main in COMRAM

    None.

Critical Paths under _main in BANK0

    None.

Critical Paths under _main in BANK1

    None.

Critical Paths under _main in BANK2

    None.

Critical Paths under _main in BANK3

    None.

Critical Paths under _main in BANK4

    None.

Critical Paths under _main in BANK5

    None.

Critical Paths under _main in BANK6

    None.

Critical Paths under _main in BANK7

    None.

Critical Paths under _main in BANK8

    None.

Critical Paths under _main in BANK9

    None.

Critical Paths under _main in BANK10

    None.

Critical Paths under _main in BANK11

    None.

Critical Paths under _main in BANK12

    None.

Critical Paths under _main in BANK13

    None.

Critical Paths under _main in BANK14

    None.

Critical Paths under _main in BANK15

    None.

Critical Paths under _main in BANK16

    None.

Critical Paths under _main in BANK17

    None.

Critical Paths under _main in BANK18

    None.

Critical Paths under _main in BANK19

    None.

Critical Paths under _main in BANK20

    None.

Critical Paths under _main in BANK21

    None.

Critical Paths under _main in BANK22

    None.

Critical Paths under _main in BANK23

    None.

Critical Paths under _main in BANK24

    None.

Critical Paths under _main in BANK25

    None.

Critical Paths under _main in BANK26

    None.

Critical Paths under _main in BANK27

    None.

Critical Paths under _main in BANK28

    None.

Critical Paths under _main in BANK29

    None.

Critical Paths under _main in BANK30

    None.

Critical Paths under _main in BANK31

    None.

Call Graph Tables:

 ---------------------------------------------------------------------------------
 (Depth) Function   	        Calls       Base Space   Used Autos Params    Refs
 ---------------------------------------------------------------------------------
 (0) _main                                                 0     0      0       0
                           _uebung02
 ---------------------------------------------------------------------------------
 (1) _uebung02                                             0     0      0       0
                          _InitPorts
                         _InitTimer0
 ---------------------------------------------------------------------------------
 (2) _InitTimer0                                           0     0      0       0
 ---------------------------------------------------------------------------------
 (2) _InitPorts                                            0     0      0       0
 ---------------------------------------------------------------------------------
 Estimated maximum stack depth 2
 ---------------------------------------------------------------------------------

 Call Graph Graphs:

 _main (ROOT)
   _uebung02
     _InitPorts
     _InitTimer0

 Address spaces:
Name               Size   Autos  Total    Cost      Usage
BIGRAM            1FFF      0       0      69        0.0%
EEDATA             400      0       0       0        0.0%
BITBANK31          100      0       0      67        0.0%
BANK31             100      0       0      68        0.0%
BITBANK30          100      0       0      65        0.0%
BANK30             100      0       0      66        0.0%
BITBANK29          100      0       0      63        0.0%
BANK29             100      0       0      64        0.0%
BITBANK28          100      0       0      61        0.0%
BANK28             100      0       0      62        0.0%
BITBANK27          100      0       0      59        0.0%
BANK27             100      0       0      60        0.0%
BITBANK26          100      0       0      56        0.0%
BANK26             100      0       0      57        0.0%
BITBANK25          100      0       0      54        0.0%
BANK25             100      0       0      55        0.0%
BITBANK24          100      0       0      52        0.0%
BANK24             100      0       0      53        0.0%
BITBANK23          100      0       0      50        0.0%
BANK23             100      0       0      51        0.0%
BITBANK22          100      0       0      48        0.0%
BANK22             100      0       0      49        0.0%
BITBANK21          100      0       0      46        0.0%
BANK21             100      0       0      47        0.0%
BITBANK20          100      0       0      44        0.0%
BANK20             100      0       0      45        0.0%
BITBANK19          100      0       0      42        0.0%
BANK19             100      0       0      43        0.0%
BITBANK18          100      0       0      40        0.0%
BANK18             100      0       0      41        0.0%
BITBANK17          100      0       0      38        0.0%
BANK17             100      0       0      39        0.0%
BITBANK16          100      0       0      36        0.0%
BANK16             100      0       0      37        0.0%
BITBANK15          100      0       0      34        0.0%
BANK15             100      0       0      35        0.0%
BITBANK14          100      0       0      32        0.0%
BANK14             100      0       0      33        0.0%
BITBANK13          100      0       0      30        0.0%
BANK13             100      0       0      31        0.0%
BITBANK12          100      0       0      28        0.0%
BANK12             100      0       0      29        0.0%
BITBANK11          100      0       0      26        0.0%
BANK11             100      0       0      27        0.0%
BITBANK10          100      0       0      24        0.0%
BANK10             100      0       0      25        0.0%
BITBANK9           100      0       0      22        0.0%
BANK9              100      0       0      23        0.0%
BITBANK8           100      0       0      20        0.0%
BANK8              100      0       0      21        0.0%
BITBANK7           100      0       0      18        0.0%
BANK7              100      0       0      19        0.0%
BITBANK6           100      0       0      16        0.0%
BANK6              100      0       0      17        0.0%
BITBANK5           100      0       0      14        0.0%
BANK5              100      0       0      15        0.0%
BITBANK4           100      0       0      12        0.0%
BANK4              100      0       0      13        0.0%
BITBANK3           100      0       0      10        0.0%
BANK3              100      0       0      11        0.0%
BITBANK2           100      0       0       8        0.0%
BANK2              100      0       0       9        0.0%
BITBANK1           100      0       0       6        0.0%
BANK1              100      0       0       7        0.0%
BITBANK0            A0      0       0       4        0.0%
BANK0               A0      0       0       5        0.0%
BITCOMRAM           5F      0       0       0        0.0%
COMRAM              5F      0       2       1        2.1%
BITSFR_8             0      0       0     200        0.0%
SFR_8                0      0       0     200        0.0%
BITSFR_7             0      0       0     200        0.0%
SFR_7                0      0       0     200        0.0%
BITSFR_6             0      0       0     200        0.0%
SFR_6                0      0       0     200        0.0%
BITSFR_5             0      0       0     200        0.0%
SFR_5                0      0       0     200        0.0%
BITSFR_4             0      0       0     200        0.0%
SFR_4                0      0       0     200        0.0%
BITSFR_3             0      0       0     200        0.0%
SFR_3                0      0       0     200        0.0%
BITSFR_2             0      0       0     200        0.0%
SFR_2                0      0       0     200        0.0%
BITSFR_1             0      0       0     200        0.0%
SFR_1                0      0       0     200        0.0%
BITSFR               0      0       0     200        0.0%
SFR                  0      0       0     200        0.0%
STACK                0      0       0       2        0.0%
NULL                 0      0       0       0        0.0%
ABS                  0      0       2      58        0.0%
DATA                 0      0       2       3        0.0%
CODE                 0      0       0       0        0.0%


Microchip Technology PIC18 Macro Assembler V2.10 build 88905656 
Symbol Table                                                                                   Tue Mar 14 11:12:23 2023

            __CFG_CP$OFF 000000                       l45 FFA8                       l48 FFC8  
                     l87 FF7C                       u10 FFEA                       u11 FFE6  
            __CFG_LVP$ON 000000                      l763 FF8A                      l771 FFAC  
                    l835 FF78                      l765 FF98                      l773 FFBC  
                    l767 FFA6                      l775 FFC2                      l791 FFDA  
                    l777 FFC6                      l769 FFAA                      l793 FFEA  
                    l795 FFF2                      l787 FFCA                      l797 FFF4  
                    l789 FFD2            __CFG_BBEN$OFF 000000             __CFG_ZCD$OFF 000000  
                   _LATB 003FBB                     _LATC 003FBC                     _WPUB 003A51  
          __CFG_FCMEN$ON 000000                     _main FF78                     start FFFC  
          __CFG_CSWEN$ON 000000             ___param_bank 000000                    ?_main 0000  
          __CFG_WDTE$OFF 000000           __CFG_DEBUG$OFF 000000                    _U2TXB 003DD2  
                  _TMR0H 003FB7                    _TMR0L 003FB6                    _TRISB 003FC3  
                  _TRISC 003FC4            __CFG_WRTB$OFF 000000            __CFG_WRTC$OFF 000000  
          __CFG_WRTD$OFF 000000       __CFG_MCLRE$EXTMCLR 000000          __initialization FF80  
             _InitTimer0 FFAA             __end_of_main FF80           __CFG_SAFEN$OFF 000000  
                 ??_main 0000           __CFG_PR1WAY$ON 000000            __activetblptr 000000  
         __CFG_MVECEN$ON 000000                   _ANSELB 003A50                   _ANSELC 003A60  
                 _U2BRGH 003DDE                   _U2BRGL 003DDD                   _RD6PPS 003A1E  
         __CFG_WDTCCS$SC 000000       __CFG_RSTOSC$EXTOSC 000000       __size_of_InitPorts 0020  
         __CFG_XINST$OFF 000000           __CFG_STVREN$ON 000000         __end_of_uebung02 FFFC  
             __accesstop 0060  __end_of__initialization FF84          __CFG_FEXTOSC$HS 000000  
          ___rparam_used 000001           __pcstackCOMRAM 0000              ?_InitTimer0 0000  
       _wasFirstCharSent 0001        __end_of_InitPorts FFAA          __CFG_IVT1WAY$ON 000000  
        __CFG_PPS1WAY$ON 000000      __CFG_PWRTS$PWRT_OFF 000000      __size_of_InitTimer0 0020  
                __Hparam 0000                ?_uebung02 0000                  __Lparam 0000  
                __pcinit FF80                  __ramtop 2000                  __ptext0 FF78  
                __ptext1 FFCA                  __ptext2 FFAA                  __ptext3 FF8A  
        __CFG_WRTAPP$OFF 000000          __CFG_WRTSAF$OFF 000000     end_of_initialization FF84  
             ??_uebung02 0000    __CFG_WDTCPS$WDTCPS_31 000000                _TRISDbits 003FC5  
           ??_InitTimer0 0000      start_initialization FF80                _InitPorts FF8A  
     __end_of_InitTimer0 FFCA         __CFG_LPBOREN$OFF 000000              __pbssCOMRAM 0001  
             ?_InitPorts 0000        __size_of_uebung02 0032   __CFG_BBSIZE$BBSIZE_512 000000  
    __CFG_BORV$VBOR_2P45 000000                 _PIR3bits 0039A3                 _PIR6bits 0039A6  
            ??_InitPorts 0000                 __Hrparam 0000                 __Lrparam 0000  
     __CFG_BOREN$SBORDIS 000000               _T0CON0bits 003FB8               _T0CON1bits 003FB9  
             _U2CON0bits 003DDA               _U2CON1bits 003DDB            __size_of_main 0008  
   __CFG_WDTCWS$WDTCWS_7 000000                 _uebung02 FFCA        __CFG_CLKOUTEN$OFF 000000  
