

Microchip MPLAB XC8 Assembler V2.10 build 88905656 
                                                                                               Tue Mar 14 12:09:45 2023

Microchip MPLAB XC8 C Compiler v2.10 (Free license) build 20190730164152 Og1 
     1                           	processor	18F47K42
     2                           	fnconf	rparam,??,?,0
     3                           	opt	pw 120
     4                           	opt	flic
     5                           	psect	cinit,global,reloc=2,class=CODE,delta=1
     6                           	psect	cstackCOMRAM,global,class=COMRAM,space=1,delta=1,noexec
     7                           	psect	text0,global,reloc=2,class=CODE,delta=1
     8                           	psect	text1,global,reloc=2,class=CODE,delta=1
     9                           	psect	text2,global,reloc=2,class=CODE,delta=1
    10                           	psect	text3,global,reloc=2,class=CODE,delta=1
    11                           	psect	text4,global,reloc=2,class=CODE,delta=1
    12                           	psect	text5,global,reloc=2,class=CODE,delta=1
    13                           	psect	intsave_regs,global,class=BIGRAM,space=1,delta=1,noexec
    14                           	psect	rparam,global,class=COMRAM,space=1,delta=1,noexec
    15  0000                     
    16                           ; Version 2.10
    17                           ; Generated 31/07/2019 GMT
    18                           ; 
    19                           ; Copyright © 2019, Microchip Technology Inc. and its subsidiaries ("Microchip")
    20                           ; All rights reserved.
    21                           ; 
    22                           ; This software is developed by Microchip Technology Inc. and its subsidiaries ("Microch
      +                          ip").
    23                           ; 
    24                           ; Redistribution and use in source and binary forms, with or without modification, are
    25                           ; permitted provided that the following conditions are met:
    26                           ; 
    27                           ;     1. Redistributions of source code must retain the above copyright notice, this lis
      +                          t of
    28                           ;        conditions and the following disclaimer.
    29                           ; 
    30                           ;     2. Redistributions in binary form must reproduce the above copyright notice, this 
      +                          list
    31                           ;        of conditions and the following disclaimer in the documentation and/or other
    32                           ;        materials provided with the distribution.
    33                           ; 
    34                           ;     3. Microchip's name may not be used to endorse or promote products derived from th
      +                          is
    35                           ;        software without specific prior written permission.
    36                           ; 
    37                           ; THIS SOFTWARE IS PROVIDED BY MICROCHIP "AS IS" AND ANY EXPRESS OR IMPLIED WARRANTIES,
    38                           ; INCLUDING, BUT NOT LIMITED TO, THE IMPLIED WARRANTIES OF MERCHANTABILITY AND FITNESS F
      +                          OR
    39                           ; PURPOSE ARE DISCLAIMED.  IN NO EVENT SHALL MICROCHIP BE LIABLE FOR ANY DIRECT, INDIREC
      +                          T,
    40                           ; INCIDENTAL, SPECIAL, EXEMPLARY, OR CONSEQUENTIAL DAMAGES (INCLUDING BUT NOT LIMITED TO
    41                           ; PROCUREMENT OF SUBSTITUTE GOODS OR SERVICES; LOSS OF USE, DATA OR PROFITS; OR BUSINESS
    42                           ; INTERRUPTION) HOWSOEVER CAUSED AND ON ANY THEORY OF LIABILITY, WHETHER IN CONTRACT, ST
      +                          RICT
    43                           ; LIABILITY, OR TORT (INCLUDING NEGLIGENCE OR OTHERWISE) ARISING IN ANY WAY OUT OF THE U
      +                          SE OF
    44                           ; THIS SOFTWARE, EVEN IF ADVISED OF THE POSSIBILITY OF SUCH DAMAGE.
    45                           ; 
    46                           ; 
    47                           ; Code-generator required, PIC18F47K42 Definitions
    48                           ; 
    49                           ; SFR Addresses
    50  0000                     _PIR6bits	set	14758
    51  0000                     _PIR1bits	set	14753
    52  0000                     _PIR3bits	set	14755
    53  0000                     _RD6PPS	set	14878
    54  0000                     _ANSELAbits	set	14912
    55  0000                     _WPUB	set	14929
    56  0000                     _ANSELB	set	14928
    57  0000                     _ANSELD	set	14960
    58  0000                     _ANSELC	set	14944
    59  0000                     _U2TXB	set	15826
    60  0000                     _U2CON1bits	set	15835
    61  0000                     _U2BRGL	set	15837
    62  0000                     _U2BRGH	set	15838
    63  0000                     _U2CON0bits	set	15834
    64  0000                     _ADRESL	set	16111
    65  0000                     _ADRESH	set	16112
    66  0000                     _ADPCH	set	16113
    67  0000                     _ADCON0bits	set	16120
    68  0000                     _TMR0L	set	16310
    69  0000                     _TMR0H	set	16311
    70  0000                     _T0CON1bits	set	16313
    71  0000                     _T0CON0bits	set	16312
    72  0000                     _TRISDbits	set	16325
    73  0000                     _TRISAbits	set	16322
    74  0000                     _LATB	set	16315
    75  0000                     _TRISB	set	16323
    76  0000                     _LATD	set	16317
    77  0000                     _TRISD	set	16325
    78  0000                     _LATC	set	16316
    79  0000                     _TRISC	set	16324
    80                           
    81                           ; #config settings
    82  0000                     
    83                           	psect	cinit
    84  01FEF4                     __pcinit:
    85                           	opt callstack 0
    86  01FEF4                     start_initialization:
    87                           	opt callstack 0
    88  01FEF4                     __initialization:
    89                           	opt callstack 0
    90  01FEF4                     end_of_initialization:
    91                           	opt callstack 0
    92  01FEF4                     __end_of__initialization:
    93                           	opt callstack 0
    94  01FEF4  0100               	movlb	0
    95  01FEF6  EFBB  F0FF         	goto	_main	;jump to C main() function
    96                           
    97                           	psect	cstackCOMRAM
    98  000001                     __pcstackCOMRAM:
    99                           	opt callstack 0
   100  000001                     convertAnythingThatIsAnalogToTheSuperiorDigitalForm@resultLow:
   101                           	opt callstack 0
   102                           
   103                           ; 1 bytes @ 0x0
   104  000001                     	ds	1
   105  000002                     convertAnythingThatIsAnalogToTheSuperiorDigitalForm@resultHigh:
   106                           	opt callstack 0
   107                           
   108                           ; 1 bytes @ 0x1
   109  000002                     	ds	1
   110  000003                     
   111                           ; 1 bytes @ 0x2
   112 ;;
   113 ;;Main: autosize = 0, tempsize = 0, incstack = 0, save=0
   114 ;;
   115 ;; *************** function _main *****************
   116 ;; Defined at:
   117 ;;		line 131 in file "main.c"
   118 ;; Parameters:    Size  Location     Type
   119 ;;		None
   120 ;; Auto vars:     Size  Location     Type
   121 ;;		None
   122 ;; Return value:  Size  Location     Type
   123 ;;                  1    wreg      void 
   124 ;; Registers used:
   125 ;;		wreg, status,2, status,0, cstack
   126 ;; Tracked objects:
   127 ;;		On entry : 0/0
   128 ;;		On exit  : 0/0
   129 ;;		Unchanged: 0/0
   130 ;; Data sizes:     COMRAM   BANK0   BANK1   BANK2   BANK3   BANK4   BANK5   BANK6   BANK7   BANK8   BANK9  BANK10  BANK1
      +1  BANK12  BANK13  BANK14  BANK15  BANK16  BANK17  BANK18  BANK19  BANK20  BANK21  BANK22  BANK23  BANK24  BANK25  BANK2
      +6  BANK27  BANK28  BANK29  BANK30  BANK31
   131 ;;      Params:         0       0       0       0       0       0       0       0       0       0       0       0       
      +0       0       0       0       0       0       0       0       0       0       0       0       0       0       0       
      +0       0       0       0       0       0
   132 ;;      Locals:         0       0       0       0       0       0       0       0       0       0       0       0       
      +0       0       0       0       0       0       0       0       0       0       0       0       0       0       0       
      +0       0       0       0       0       0
   133 ;;      Temps:          0       0       0       0       0       0       0       0       0       0       0       0       
      +0       0       0       0       0       0       0       0       0       0       0       0       0       0       0       
      +0       0       0       0       0       0
   134 ;;      Totals:         0       0       0       0       0       0       0       0       0       0       0       0       
      +0       0       0       0       0       0       0       0       0       0       0       0       0       0       0       
      +0       0       0       0       0       0
   135 ;;Total ram usage:        0 bytes
   136 ;; Hardware stack levels required when called:    1
   137 ;; This function calls:
   138 ;;		_ConfigADC
   139 ;;		_ConfigPorts
   140 ;;		_InitTimer0
   141 ;;		_configUART2
   142 ;;		_convertAnythingThatIsAnalogToTheSuperiorDigitalForm
   143 ;; This function is called by:
   144 ;;		Startup code after reset
   145 ;; This function uses a non-reentrant model
   146 ;;
   147                           
   148                           	psect	text0
   149  01FF76                     __ptext0:
   150                           	opt callstack 0
   151  01FF76                     _main:
   152                           	opt callstack 30
   153  01FF76                     
   154                           ;main.c: 132:     ConfigPorts();
   155  01FF76  ECA3  F0FF         	call	_ConfigPorts	;wreg free
   156                           
   157                           ;main.c: 133:     ConfigADC();
   158  01FF7A  EC7D  F0FF         	call	_ConfigADC	;wreg free
   159                           
   160                           ;main.c: 134:     configUART2();
   161  01FF7E  EC84  F0FF         	call	_configUART2	;wreg free
   162                           
   163                           ;main.c: 135:     InitTimer0();
   164  01FF82  EC93  F0FF         	call	_InitTimer0	;wreg free
   165  01FF86                     
   166                           ;main.c: 137:     ADCON0bits.ON = 1;
   167  01FF86  013E               	movlb	62	; () banked
   168  01FF88  8FF8               	bsf	248,7,b	;volatile
   169  01FF8A                     l810:
   170                           
   171                           ;main.c: 140:         if (PIR3bits.TMR0IF)
   172  01FF8A  0139               	movlb	57	; () banked
   173  01FF8C  AFA3               	btfss	163,7,b	;volatile
   174  01FF8E  EFCB  F0FF         	goto	u31
   175  01FF92  EFCD  F0FF         	goto	u30
   176  01FF96                     u31:
   177  01FF96  EFC5  F0FF         	goto	l810
   178  01FF9A                     u30:
   179  01FF9A                     
   180                           ; BSR set to: 57
   181                           ;main.c: 141:         {;main.c: 145:             TMR0H = 0x9C;
   182  01FF9A  0E9C               	movlw	156
   183  01FF9C  6EB7               	movwf	183,c	;volatile
   184                           
   185                           ;main.c: 146:             TMR0L = 0x40;
   186  01FF9E  0E40               	movlw	64
   187  01FFA0  6EB6               	movwf	182,c	;volatile
   188  01FFA2                     
   189                           ; BSR set to: 57
   190                           ;main.c: 149:             convertAnythingThatIsAnalogToTheSuperiorDigitalForm();
   191  01FFA2  ECD9  F0FF         	call	_convertAnythingThatIsAnalogToTheSuperiorDigitalForm	;wreg free
   192  01FFA6                     
   193                           ;main.c: 151:             PIR3bits.TMR0IF = 0;
   194  01FFA6  0139               	movlb	57	; () banked
   195  01FFA8  9FA3               	bcf	163,7,b	;volatile
   196  01FFAA  EFC5  F0FF         	goto	l810
   197  01FFAE  EFFE  F0FF         	goto	start
   198  01FFB2                     __end_of_main:
   199                           	opt callstack 0
   200                           
   201 ;; *************** function _convertAnythingThatIsAnalogToTheSuperiorDigitalForm *****************
   202 ;; Defined at:
   203 ;;		line 111 in file "main.c"
   204 ;; Parameters:    Size  Location     Type
   205 ;;		None
   206 ;; Auto vars:     Size  Location     Type
   207 ;;  resultHigh      1    1[COMRAM] unsigned char 
   208 ;;  resultLow       1    0[COMRAM] unsigned char 
   209 ;; Return value:  Size  Location     Type
   210 ;;                  1    wreg      void 
   211 ;; Registers used:
   212 ;;		wreg, status,2, status,0
   213 ;; Tracked objects:
   214 ;;		On entry : 0/0
   215 ;;		On exit  : 0/0
   216 ;;		Unchanged: 0/0
   217 ;; Data sizes:     COMRAM   BANK0   BANK1   BANK2   BANK3   BANK4   BANK5   BANK6   BANK7   BANK8   BANK9  BANK10  BANK1
      +1  BANK12  BANK13  BANK14  BANK15  BANK16  BANK17  BANK18  BANK19  BANK20  BANK21  BANK22  BANK23  BANK24  BANK25  BANK2
      +6  BANK27  BANK28  BANK29  BANK30  BANK31
   218 ;;      Params:         0       0       0       0       0       0       0       0       0       0       0       0       
      +0       0       0       0       0       0       0       0       0       0       0       0       0       0       0       
      +0       0       0       0       0       0
   219 ;;      Locals:         2       0       0       0       0       0       0       0       0       0       0       0       
      +0       0       0       0       0       0       0       0       0       0       0       0       0       0       0       
      +0       0       0       0       0       0
   220 ;;      Temps:          0       0       0       0       0       0       0       0       0       0       0       0       
      +0       0       0       0       0       0       0       0       0       0       0       0       0       0       0       
      +0       0       0       0       0       0
   221 ;;      Totals:         2       0       0       0       0       0       0       0       0       0       0       0       
      +0       0       0       0       0       0       0       0       0       0       0       0       0       0       0       
      +0       0       0       0       0       0
   222 ;;Total ram usage:        2 bytes
   223 ;; Hardware stack levels used:    1
   224 ;; This function calls:
   225 ;;		Nothing
   226 ;; This function is called by:
   227 ;;		_main
   228 ;; This function uses a non-reentrant model
   229 ;;
   230                           
   231                           	psect	text1
   232  01FFB2                     __ptext1:
   233                           	opt callstack 0
   234  01FFB2                     _convertAnythingThatIsAnalogToTheSuperiorDigitalForm:
   235                           	opt callstack 30
   236  01FFB2  0E00               	movlw	0
   237  01FFB4  6E01               	movwf	convertAnythingThatIsAnalogToTheSuperiorDigitalForm@resultLow^0,c
   238  01FFB6                     
   239                           ;main.c: 115:     ADCON0bits.GO = 1;
   240  01FFB6  013E               	movlb	62	; () banked
   241  01FFB8  81F8               	bsf	248,0,b	;volatile
   242  01FFBA                     l75:
   243                           
   244                           ; BSR set to: 62
   245  01FFBA  B1F8               	btfsc	248,0,b	;volatile
   246  01FFBC  EFE2  F0FF         	goto	u11
   247  01FFC0  EFE4  F0FF         	goto	u10
   248  01FFC4                     u11:
   249  01FFC4  EFDD  F0FF         	goto	l75
   250  01FFC8                     u10:
   251  01FFC8                     
   252                           ; BSR set to: 62
   253                           ;main.c: 117:     resultHigh = ADRESH;
   254  01FFC8  006F FBC0  F002    	movff	16112,convertAnythingThatIsAnalogToTheSuperiorDigitalForm@resultHigh	;volatile
   255                           
   256                           ;main.c: 118:     resultLow = ADRESL;
   257  01FFCE  006F FBBC  F001    	movff	16111,convertAnythingThatIsAnalogToTheSuperiorDigitalForm@resultLow	;volatile
   258                           
   259                           ;main.c: 119:     PIR1bits.ADIF = 0;
   260  01FFD4  0139               	movlb	57	; () banked
   261  01FFD6  95A1               	bcf	161,2,b	;volatile
   262                           
   263                           ;main.c: 121:     LATC = resultHigh;
   264  01FFD8  0060  F00B  FFBC   	movff	convertAnythingThatIsAnalogToTheSuperiorDigitalForm@resultHigh,16316	;volatile
   265  01FFDE                     
   266                           ; BSR set to: 57
   267                           ;main.c: 122:     LATD = (resultLow >> 4) & 0x0f;
   268  01FFDE  3801               	swapf	convertAnythingThatIsAnalogToTheSuperiorDigitalForm@resultLow^0,w,c
   269  01FFE0  0B0F               	andlw	15
   270  01FFE2  0B0F               	andlw	15
   271  01FFE4  6EBD               	movwf	189,c	;volatile
   272  01FFE6                     
   273                           ; BSR set to: 57
   274                           ;main.c: 125:     if (PIR6bits.U2TXIF)
   275  01FFE6  A7A6               	btfss	166,3,b	;volatile
   276  01FFE8  EFF8  F0FF         	goto	u21
   277  01FFEC  EFFA  F0FF         	goto	u20
   278  01FFF0                     u21:
   279  01FFF0  EFFD  F0FF         	goto	l79
   280  01FFF4                     u20:
   281  01FFF4                     
   282                           ; BSR set to: 57
   283                           ;main.c: 126:     {;main.c: 127:         U2TXB = resultHigh;
   284  01FFF4  0060  F00B  FDD2   	movff	convertAnythingThatIsAnalogToTheSuperiorDigitalForm@resultHigh,15826	;volatile
   285  01FFFA                     l79:
   286                           
   287                           ; BSR set to: 57
   288  01FFFA  0012               	return		;funcret
   289  01FFFC                     __end_of_convertAnythingThatIsAnalogToTheSuperiorDigitalForm:
   290                           	opt callstack 0
   291                           
   292 ;; *************** function _configUART2 *****************
   293 ;; Defined at:
   294 ;;		line 84 in file "main.c"
   295 ;; Parameters:    Size  Location     Type
   296 ;;		None
   297 ;; Auto vars:     Size  Location     Type
   298 ;;		None
   299 ;; Return value:  Size  Location     Type
   300 ;;                  1    wreg      void 
   301 ;; Registers used:
   302 ;;		wreg, status,2
   303 ;; Tracked objects:
   304 ;;		On entry : 0/0
   305 ;;		On exit  : 0/0
   306 ;;		Unchanged: 0/0
   307 ;; Data sizes:     COMRAM   BANK0   BANK1   BANK2   BANK3   BANK4   BANK5   BANK6   BANK7   BANK8   BANK9  BANK10  BANK1
      +1  BANK12  BANK13  BANK14  BANK15  BANK16  BANK17  BANK18  BANK19  BANK20  BANK21  BANK22  BANK23  BANK24  BANK25  BANK2
      +6  BANK27  BANK28  BANK29  BANK30  BANK31
   308 ;;      Params:         0       0       0       0       0       0       0       0       0       0       0       0       
      +0       0       0       0       0       0       0       0       0       0       0       0       0       0       0       
      +0       0       0       0       0       0
   309 ;;      Locals:         0       0       0       0       0       0       0       0       0       0       0       0       
      +0       0       0       0       0       0       0       0       0       0       0       0       0       0       0       
      +0       0       0       0       0       0
   310 ;;      Temps:          0       0       0       0       0       0       0       0       0       0       0       0       
      +0       0       0       0       0       0       0       0       0       0       0       0       0       0       0       
      +0       0       0       0       0       0
   311 ;;      Totals:         0       0       0       0       0       0       0       0       0       0       0       0       
      +0       0       0       0       0       0       0       0       0       0       0       0       0       0       0       
      +0       0       0       0       0       0
   312 ;;Total ram usage:        0 bytes
   313 ;; Hardware stack levels used:    1
   314 ;; This function calls:
   315 ;;		Nothing
   316 ;; This function is called by:
   317 ;;		_main
   318 ;; This function uses a non-reentrant model
   319 ;;
   320                           
   321                           	psect	text2
   322  01FF08                     __ptext2:
   323                           	opt callstack 0
   324  01FF08                     _configUART2:
   325                           	opt callstack 30
   326  01FF08                     
   327                           ;main.c: 85:     U2CON0bits.BRGS = 0;
   328  01FF08  013D               	movlb	61	; () banked
   329  01FF0A  9FDA               	bcf	218,7,b	;volatile
   330  01FF0C                     
   331                           ; BSR set to: 61
   332                           ;main.c: 86:     U2BRGH = 0x00;
   333  01FF0C  0E00               	movlw	0
   334  01FF0E  6FDE               	movwf	222,b	;volatile
   335                           
   336                           ;main.c: 87:     U2BRGL = 0x80;
   337  01FF10  0E80               	movlw	128
   338  01FF12  6FDD               	movwf	221,b	;volatile
   339                           
   340                           ;main.c: 89:     U2CON0bits.MODE = 0b0000;
   341  01FF14  0EF0               	movlw	-16
   342  01FF16  17DA               	andwf	218,f,b	;volatile
   343  01FF18                     
   344                           ; BSR set to: 61
   345                           ;main.c: 90:     U2CON1bits.ON = 1;
   346  01FF18  8FDB               	bsf	219,7,b	;volatile
   347                           
   348                           ;main.c: 92:     RD6PPS = 0b010110;
   349  01FF1A  0E16               	movlw	22
   350  01FF1C  013A               	movlb	58	; () banked
   351  01FF1E  6F1E               	movwf	30,b	;volatile
   352  01FF20                     
   353                           ; BSR set to: 58
   354                           ;main.c: 94:     U2CON0bits.TXEN = 1;
   355  01FF20  013D               	movlb	61	; () banked
   356  01FF22  8BDA               	bsf	218,5,b	;volatile
   357  01FF24                     
   358                           ; BSR set to: 61
   359  01FF24  0012               	return		;funcret
   360  01FF26                     __end_of_configUART2:
   361                           	opt callstack 0
   362                           
   363 ;; *************** function _InitTimer0 *****************
   364 ;; Defined at:
   365 ;;		line 97 in file "main.c"
   366 ;; Parameters:    Size  Location     Type
   367 ;;		None
   368 ;; Auto vars:     Size  Location     Type
   369 ;;		None
   370 ;; Return value:  Size  Location     Type
   371 ;;                  1    wreg      void 
   372 ;; Registers used:
   373 ;;		wreg, status,2
   374 ;; Tracked objects:
   375 ;;		On entry : 0/0
   376 ;;		On exit  : 0/0
   377 ;;		Unchanged: 0/0
   378 ;; Data sizes:     COMRAM   BANK0   BANK1   BANK2   BANK3   BANK4   BANK5   BANK6   BANK7   BANK8   BANK9  BANK10  BANK1
      +1  BANK12  BANK13  BANK14  BANK15  BANK16  BANK17  BANK18  BANK19  BANK20  BANK21  BANK22  BANK23  BANK24  BANK25  BANK2
      +6  BANK27  BANK28  BANK29  BANK30  BANK31
   379 ;;      Params:         0       0       0       0       0       0       0       0       0       0       0       0       
      +0       0       0       0       0       0       0       0       0       0       0       0       0       0       0       
      +0       0       0       0       0       0
   380 ;;      Locals:         0       0       0       0       0       0       0       0       0       0       0       0       
      +0       0       0       0       0       0       0       0       0       0       0       0       0       0       0       
      +0       0       0       0       0       0
   381 ;;      Temps:          0       0       0       0       0       0       0       0       0       0       0       0       
      +0       0       0       0       0       0       0       0       0       0       0       0       0       0       0       
      +0       0       0       0       0       0
   382 ;;      Totals:         0       0       0       0       0       0       0       0       0       0       0       0       
      +0       0       0       0       0       0       0       0       0       0       0       0       0       0       0       
      +0       0       0       0       0       0
   383 ;;Total ram usage:        0 bytes
   384 ;; Hardware stack levels used:    1
   385 ;; This function calls:
   386 ;;		Nothing
   387 ;; This function is called by:
   388 ;;		_main
   389 ;; This function uses a non-reentrant model
   390 ;;
   391                           
   392                           	psect	text3
   393  01FF26                     __ptext3:
   394                           	opt callstack 0
   395  01FF26                     _InitTimer0:
   396                           	opt callstack 30
   397  01FF26                     
   398                           ;main.c: 98:     T0CON0bits.MD16 = 1;
   399  01FF26  88B8               	bsf	184,4,c	;volatile
   400  01FF28                     
   401                           ;main.c: 99:     T0CON0bits.OUTPS = 0b0000;
   402  01FF28  0EF0               	movlw	-16
   403  01FF2A  16B8               	andwf	184,f,c	;volatile
   404                           
   405                           ;main.c: 101:     T0CON1bits.CS = 0b010;
   406  01FF2C  50B9               	movf	185,w,c	;volatile
   407  01FF2E  0B1F               	andlw	-225
   408  01FF30  0940               	iorlw	64
   409  01FF32  6EB9               	movwf	185,c	;volatile
   410  01FF34                     
   411                           ;main.c: 102:     T0CON1bits.ASYNC = 1;
   412  01FF34  88B9               	bsf	185,4,c	;volatile
   413                           
   414                           ;main.c: 103:     T0CON1bits.CKPS = 0b0101;
   415  01FF36  50B9               	movf	185,w,c	;volatile
   416  01FF38  0BF0               	andlw	-16
   417  01FF3A  0905               	iorlw	5
   418  01FF3C  6EB9               	movwf	185,c	;volatile
   419  01FF3E                     
   420                           ;main.c: 105:     PIR3bits.TMR0IF = 0;
   421  01FF3E  0139               	movlb	57	; () banked
   422  01FF40  9FA3               	bcf	163,7,b	;volatile
   423  01FF42                     
   424                           ; BSR set to: 57
   425                           ;main.c: 107:     T0CON0bits.EN = 1;
   426  01FF42  8EB8               	bsf	184,7,c	;volatile
   427  01FF44                     
   428                           ; BSR set to: 57
   429  01FF44  0012               	return		;funcret
   430  01FF46                     __end_of_InitTimer0:
   431                           	opt callstack 0
   432                           
   433 ;; *************** function _ConfigPorts *****************
   434 ;; Defined at:
   435 ;;		line 59 in file "main.c"
   436 ;; Parameters:    Size  Location     Type
   437 ;;		None
   438 ;; Auto vars:     Size  Location     Type
   439 ;;		None
   440 ;; Return value:  Size  Location     Type
   441 ;;                  1    wreg      void 
   442 ;; Registers used:
   443 ;;		wreg, status,2
   444 ;; Tracked objects:
   445 ;;		On entry : 0/0
   446 ;;		On exit  : 0/0
   447 ;;		Unchanged: 0/0
   448 ;; Data sizes:     COMRAM   BANK0   BANK1   BANK2   BANK3   BANK4   BANK5   BANK6   BANK7   BANK8   BANK9  BANK10  BANK1
      +1  BANK12  BANK13  BANK14  BANK15  BANK16  BANK17  BANK18  BANK19  BANK20  BANK21  BANK22  BANK23  BANK24  BANK25  BANK2
      +6  BANK27  BANK28  BANK29  BANK30  BANK31
   449 ;;      Params:         0       0       0       0       0       0       0       0       0       0       0       0       
      +0       0       0       0       0       0       0       0       0       0       0       0       0       0       0       
      +0       0       0       0       0       0
   450 ;;      Locals:         0       0       0       0       0       0       0       0       0       0       0       0       
      +0       0       0       0       0       0       0       0       0       0       0       0       0       0       0       
      +0       0       0       0       0       0
   451 ;;      Temps:          0       0       0       0       0       0       0       0       0       0       0       0       
      +0       0       0       0       0       0       0       0       0       0       0       0       0       0       0       
      +0       0       0       0       0       0
   452 ;;      Totals:         0       0       0       0       0       0       0       0       0       0       0       0       
      +0       0       0       0       0       0       0       0       0       0       0       0       0       0       0       
      +0       0       0       0       0       0
   453 ;;Total ram usage:        0 bytes
   454 ;; Hardware stack levels used:    1
   455 ;; This function calls:
   456 ;;		Nothing
   457 ;; This function is called by:
   458 ;;		_main
   459 ;; This function uses a non-reentrant model
   460 ;;
   461                           
   462                           	psect	text4
   463  01FF46                     __ptext4:
   464                           	opt callstack 0
   465  01FF46                     _ConfigPorts:
   466                           	opt callstack 30
   467  01FF46                     
   468                           ;main.c: 60:     TRISC = 0x00;
   469  01FF46  0E00               	movlw	0
   470  01FF48  6EC4               	movwf	196,c	;volatile
   471                           
   472                           ;main.c: 61:     LATC = 0x00;
   473  01FF4A  0E00               	movlw	0
   474  01FF4C  6EBC               	movwf	188,c	;volatile
   475                           
   476                           ;main.c: 62:     ANSELC = 0x00;
   477  01FF4E  0E00               	movlw	0
   478  01FF50  013A               	movlb	58	; () banked
   479  01FF52  6F60               	movwf	96,b	;volatile
   480                           
   481                           ;main.c: 64:     TRISD = 0xf0;
   482  01FF54  0EF0               	movlw	240
   483  01FF56  6EC5               	movwf	197,c	;volatile
   484                           
   485                           ;main.c: 65:     LATD = 0x00;
   486  01FF58  0E00               	movlw	0
   487  01FF5A  6EBD               	movwf	189,c	;volatile
   488                           
   489                           ;main.c: 66:     ANSELD = 0x00;
   490  01FF5C  0E00               	movlw	0
   491  01FF5E  6F70               	movwf	112,b	;volatile
   492  01FF60                     
   493                           ; BSR set to: 58
   494                           ;main.c: 68:     TRISB = 0xff;
   495  01FF60  68C3               	setf	195,c	;volatile
   496                           
   497                           ;main.c: 69:     LATB = 0x00;
   498  01FF62  0E00               	movlw	0
   499  01FF64  6EBB               	movwf	187,c	;volatile
   500                           
   501                           ;main.c: 70:     ANSELB = 0x00;
   502  01FF66  0E00               	movlw	0
   503  01FF68  6F50               	movwf	80,b	;volatile
   504                           
   505                           ;main.c: 71:     WPUB = 0x07;
   506  01FF6A  0E07               	movlw	7
   507  01FF6C  6F51               	movwf	81,b	;volatile
   508  01FF6E                     
   509                           ; BSR set to: 58
   510                           ;main.c: 73:     TRISAbits.TRISA0 = 1;
   511  01FF6E  80C2               	bsf	194,0,c	;volatile
   512  01FF70                     
   513                           ; BSR set to: 58
   514                           ;main.c: 74:     ANSELAbits.ANSELA0 = 1;
   515  01FF70  8140               	bsf	64,0,b	;volatile
   516  01FF72                     
   517                           ; BSR set to: 58
   518                           ;main.c: 75:     TRISDbits.TRISD0 = 0;
   519  01FF72  90C5               	bcf	197,0,c	;volatile
   520  01FF74                     
   521                           ; BSR set to: 58
   522  01FF74  0012               	return		;funcret
   523  01FF76                     __end_of_ConfigPorts:
   524                           	opt callstack 0
   525                           
   526 ;; *************** function _ConfigADC *****************
   527 ;; Defined at:
   528 ;;		line 78 in file "main.c"
   529 ;; Parameters:    Size  Location     Type
   530 ;;		None
   531 ;; Auto vars:     Size  Location     Type
   532 ;;		None
   533 ;; Return value:  Size  Location     Type
   534 ;;                  1    wreg      void 
   535 ;; Registers used:
   536 ;;		wreg, status,2
   537 ;; Tracked objects:
   538 ;;		On entry : 0/0
   539 ;;		On exit  : 0/0
   540 ;;		Unchanged: 0/0
   541 ;; Data sizes:     COMRAM   BANK0   BANK1   BANK2   BANK3   BANK4   BANK5   BANK6   BANK7   BANK8   BANK9  BANK10  BANK1
      +1  BANK12  BANK13  BANK14  BANK15  BANK16  BANK17  BANK18  BANK19  BANK20  BANK21  BANK22  BANK23  BANK24  BANK25  BANK2
      +6  BANK27  BANK28  BANK29  BANK30  BANK31
   542 ;;      Params:         0       0       0       0       0       0       0       0       0       0       0       0       
      +0       0       0       0       0       0       0       0       0       0       0       0       0       0       0       
      +0       0       0       0       0       0
   543 ;;      Locals:         0       0       0       0       0       0       0       0       0       0       0       0       
      +0       0       0       0       0       0       0       0       0       0       0       0       0       0       0       
      +0       0       0       0       0       0
   544 ;;      Temps:          0       0       0       0       0       0       0       0       0       0       0       0       
      +0       0       0       0       0       0       0       0       0       0       0       0       0       0       0       
      +0       0       0       0       0       0
   545 ;;      Totals:         0       0       0       0       0       0       0       0       0       0       0       0       
      +0       0       0       0       0       0       0       0       0       0       0       0       0       0       0       
      +0       0       0       0       0       0
   546 ;;Total ram usage:        0 bytes
   547 ;; Hardware stack levels used:    1
   548 ;; This function calls:
   549 ;;		Nothing
   550 ;; This function is called by:
   551 ;;		_main
   552 ;; This function uses a non-reentrant model
   553 ;;
   554                           
   555                           	psect	text5
   556  01FEFA                     __ptext5:
   557                           	opt callstack 0
   558  01FEFA                     _ConfigADC:
   559                           	opt callstack 30
   560  01FEFA                     
   561                           ;main.c: 79:     ADCON0bits.FM = 0;
   562  01FEFA  0EF3               	movlw	-13
   563  01FEFC  013E               	movlb	62	; () banked
   564  01FEFE  17F8               	andwf	248,f,b	;volatile
   565  01FF00                     
   566                           ; BSR set to: 62
   567                           ;main.c: 80:     ADCON0bits.CS = 1;
   568  01FF00  89F8               	bsf	248,4,b	;volatile
   569                           
   570                           ;main.c: 81:     ADPCH = 0x00;
   571  01FF02  0E00               	movlw	0
   572  01FF04  6FF1               	movwf	241,b	;volatile
   573  01FF06                     
   574                           ; BSR set to: 62
   575  01FF06  0012               	return		;funcret
   576  01FF08                     __end_of_ConfigADC:
   577                           	opt callstack 0
   578  0000                     
   579                           	psect	rparam
   580  0000                     tosu	equ	0x3FFF
   581                           tosh	equ	0x3FFE
   582                           tosl	equ	0x3FFD
   583                           stkptr	equ	0x3FFC
   584                           pclatu	equ	0x3FFB
   585                           pclath	equ	0x3FFA
   586                           pcl	equ	0x3FF9
   587                           tblptru	equ	0x3FF8
   588                           tblptrh	equ	0x3FF7
   589                           tblptrl	equ	0x3FF6
   590                           tablat	equ	0x3FF5
   591                           prodh	equ	0x3FF4
   592                           prodl	equ	0x3FF3
   593                           indf0	equ	0x3FEF
   594                           postinc0	equ	0x3FEE
   595                           postdec0	equ	0x3FED
   596                           preinc0	equ	0x3FEC
   597                           plusw0	equ	0x3FEB
   598                           fsr0h	equ	0x3FEA
   599                           fsr0l	equ	0x3FE9
   600                           wreg	equ	0x3FE8
   601                           indf1	equ	0x3FE7
   602                           postinc1	equ	0x3FE6
   603                           postdec1	equ	0x3FE5
   604                           preinc1	equ	0x3FE4
   605                           plusw1	equ	0x3FE3
   606                           fsr1h	equ	0x3FE2
   607                           fsr1l	equ	0x3FE1
   608                           bsr	equ	0x3FE0
   609                           indf2	equ	0x3FDF
   610                           postinc2	equ	0x3FDE
   611                           postdec2	equ	0x3FDD
   612                           preinc2	equ	0x3FDC
   613                           plusw2	equ	0x3FDB
   614                           fsr2h	equ	0x3FDA
   615                           fsr2l	equ	0x3FD9
   616                           status	equ	0x3FD8


Data Sizes:
    Strings     0
    Constant    0
    Data        0
    BSS         0
    Persistent  0
    Stack       0

Auto Spaces:
    Space          Size  Autos    Used
    COMRAM           95      2       2
    BANK0           160      0       0
    BANK1           256      0       0
    BANK2           256      0       0
    BANK3           256      0       0
    BANK4           256      0       0
    BANK5           256      0       0
    BANK6           256      0       0
    BANK7           256      0       0
    BANK8           256      0       0
    BANK9           256      0       0
    BANK10          256      0       0
    BANK11          256      0       0
    BANK12          256      0       0
    BANK13          256      0       0
    BANK14          256      0       0
    BANK15          256      0       0
    BANK16          256      0       0
    BANK17          256      0       0
    BANK18          256      0       0
    BANK19          256      0       0
    BANK20          256      0       0
    BANK21          256      0       0
    BANK22          256      0       0
    BANK23          256      0       0
    BANK24          256      0       0
    BANK25          256      0       0
    BANK26          256      0       0
    BANK27          256      0       0
    BANK28          256      0       0
    BANK29          256      0       0
    BANK30          256      0       0
    BANK31          256      0       0

Pointer List with Targets:

    None.

Critical Paths under _main in COMRAM

    _main->_convertAnythingThatIsAnalogToTheSuperiorDigitalForm

Critical Paths under _main in BANK0

    None.

Critical Paths under _main in BANK1

    None.

Critical Paths under _main in BANK2

    None.

Critical Paths under _main in BANK3

    None.

Critical Paths under _main in BANK4

    None.

Critical Paths under _main in BANK5

    None.

Critical Paths under _main in BANK6

    None.

Critical Paths under _main in BANK7

    None.

Critical Paths under _main in BANK8

    None.

Critical Paths under _main in BANK9

    None.

Critical Paths under _main in BANK10

    None.

Critical Paths under _main in BANK11

    None.

Critical Paths under _main in BANK12

    None.

Critical Paths under _main in BANK13

    None.

Critical Paths under _main in BANK14

    None.

Critical Paths under _main in BANK15

    None.

Critical Paths under _main in BANK16

    None.

Critical Paths under _main in BANK17

    None.

Critical Paths under _main in BANK18

    None.

Critical Paths under _main in BANK19

    None.

Critical Paths under _main in BANK20

    None.

Critical Paths under _main in BANK21

    None.

Critical Paths under _main in BANK22

    None.

Critical Paths under _main in BANK23

    None.

Critical Paths under _main in BANK24

    None.

Critical Paths under _main in BANK25

    None.

Critical Paths under _main in BANK26

    None.

Critical Paths under _main in BANK27

    None.

Critical Paths under _main in BANK28

    None.

Critical Paths under _main in BANK29

    None.

Critical Paths under _main in BANK30

    None.

Critical Paths under _main in BANK31

    None.

Call Graph Tables:

 ---------------------------------------------------------------------------------
 (Depth) Function   	        Calls       Base Space   Used Autos Params    Refs
 ---------------------------------------------------------------------------------
 (0) _main                                                 0     0      0      45
                          _ConfigADC
                        _ConfigPorts
                         _InitTimer0
                        _configUART2
_convertAnythingThatIsAnalogToTheSup
 ---------------------------------------------------------------------------------
 (1) _convertAnythingThatIsAnalogToTheSuperiorDigitalForm   2     2      0      45
                                              0 COMRAM     2     2      0
 ---------------------------------------------------------------------------------
 (1) _configUART2                                          0     0      0       0
 ---------------------------------------------------------------------------------
 (1) _InitTimer0                                           0     0      0       0
 ---------------------------------------------------------------------------------
 (1) _ConfigPorts                                          0     0      0       0
 ---------------------------------------------------------------------------------
 (1) _ConfigADC                                            0     0      0       0
 ---------------------------------------------------------------------------------
 Estimated maximum stack depth 1
 ---------------------------------------------------------------------------------

 Call Graph Graphs:

 _main (ROOT)
   _ConfigADC
   _ConfigPorts
   _InitTimer0
   _configUART2
   _convertAnythingThatIsAnalogToTheSuperiorDigitalForm

 Address spaces:
Name               Size   Autos  Total    Cost      Usage
BITCOMRAM           5F      0       0       0        0.0%
EEDATA             400      0       0       0        0.0%
NULL                 0      0       0       0        0.0%
CODE                 0      0       0       0        0.0%
COMRAM              5F      2       2       1        2.1%
STACK                0      0       0       2        0.0%
DATA                 0      0       0       3        0.0%
BITBANK0            A0      0       0       4        0.0%
BANK0               A0      0       0       5        0.0%
BITBANK1           100      0       0       6        0.0%
BANK1              100      0       0       7        0.0%
BITBANK2           100      0       0       8        0.0%
BANK2              100      0       0       9        0.0%
BITBANK3           100      0       0      10        0.0%
BANK3              100      0       0      11        0.0%
BITBANK4           100      0       0      12        0.0%
BANK4              100      0       0      13        0.0%
BITBANK5           100      0       0      14        0.0%
BANK5              100      0       0      15        0.0%
BITBANK6           100      0       0      16        0.0%
BANK6              100      0       0      17        0.0%
BITBANK7           100      0       0      18        0.0%
BANK7              100      0       0      19        0.0%
BITBANK8           100      0       0      20        0.0%
BANK8              100      0       0      21        0.0%
BITBANK9           100      0       0      22        0.0%
BANK9              100      0       0      23        0.0%
BITBANK10          100      0       0      24        0.0%
BANK10             100      0       0      25        0.0%
BITBANK11          100      0       0      26        0.0%
BANK11             100      0       0      27        0.0%
BITBANK12          100      0       0      28        0.0%
BANK12             100      0       0      29        0.0%
BITBANK13          100      0       0      30        0.0%
BANK13             100      0       0      31        0.0%
BITBANK14          100      0       0      32        0.0%
BANK14             100      0       0      33        0.0%
BITBANK15          100      0       0      34        0.0%
BANK15             100      0       0      35        0.0%
BITBANK16          100      0       0      36        0.0%
BANK16             100      0       0      37        0.0%
BITBANK17          100      0       0      38        0.0%
BANK17             100      0       0      39        0.0%
BITBANK18          100      0       0      40        0.0%
BANK18             100      0       0      41        0.0%
BITBANK19          100      0       0      42        0.0%
BANK19             100      0       0      43        0.0%
BITBANK20          100      0       0      44        0.0%
BANK20             100      0       0      45        0.0%
BITBANK21          100      0       0      46        0.0%
BANK21             100      0       0      47        0.0%
BITBANK22          100      0       0      48        0.0%
BANK22             100      0       0      49        0.0%
BITBANK23          100      0       0      50        0.0%
BANK23             100      0       0      51        0.0%
BITBANK24          100      0       0      52        0.0%
BANK24             100      0       0      53        0.0%
BITBANK25          100      0       0      54        0.0%
BANK25             100      0       0      55        0.0%
BITBANK26          100      0       0      56        0.0%
BANK26             100      0       0      57        0.0%
ABS                  0      0       0      58        0.0%
BITBANK27          100      0       0      59        0.0%
BANK27             100      0       0      60        0.0%
BITBANK28          100      0       0      61        0.0%
BANK28             100      0       0      62        0.0%
BITBANK29          100      0       0      63        0.0%
BANK29             100      0       0      64        0.0%
BITBANK30          100      0       0      65        0.0%
BANK30             100      0       0      66        0.0%
BITBANK31          100      0       0      67        0.0%
BANK31             100      0       0      68        0.0%
BIGRAM            1FFF      0       0      69        0.0%
BITSFR_8             0      0       0     200        0.0%
SFR_8                0      0       0     200        0.0%
BITSFR_7             0      0       0     200        0.0%
SFR_7                0      0       0     200        0.0%
BITSFR_6             0      0       0     200        0.0%
SFR_6                0      0       0     200        0.0%
BITSFR_5             0      0       0     200        0.0%
SFR_5                0      0       0     200        0.0%
BITSFR_4             0      0       0     200        0.0%
SFR_4                0      0       0     200        0.0%
BITSFR_3             0      0       0     200        0.0%
SFR_3                0      0       0     200        0.0%
BITSFR_2             0      0       0     200        0.0%
SFR_2                0      0       0     200        0.0%
BITSFR_1             0      0       0     200        0.0%
SFR_1                0      0       0     200        0.0%
BITSFR               0      0       0     200        0.0%
SFR                  0      0       0     200        0.0%


Microchip Technology PIC18 Macro Assembler V2.10 build 88905656 
Symbol Table                                                                                   Tue Mar 14 12:09:45 2023

                                                  __CFG_CP$OFF 000000  
                                                           l63 FF74  
                                                           l72 FF44  
                                                           l66 FF06  
                                                           l75 FFBA  
                                                           l69 FF24  
                                                           l77 FFC8  
                                                           l79 FFFA  
                                                           u10 FFC8  
                                                           u11 FFC4  
                                                           u20 FFF4  
                                                           u21 FFF0  
                                                           u30 FF9A  
                                                           u31 FF96  
                                                  __CFG_LVP$ON 000000  
                                                          l800 FFDE  
                                                          l802 FFE6  
                                                          l810 FF8A  
                                                          l804 FFF4  
                                                          l812 FF9A  
                                                          l814 FFA2  
                                                          l806 FF76  
                                                          l816 FFA6  
                                                          l808 FF86  
                                                          l770 FF70  
                                                          l772 FF72  
                                                          l764 FF46  
                                                          l780 FF0C  
                                                          l774 FEFA  
                                                          l766 FF60  
                                                          l790 FF34  
                                                          l782 FF18  
                                                          l776 FF00  
                                                          l768 FF6E  
                                                          l792 FF3E  
                                                          l784 FF20  
                                                          l794 FF42  
                                                          l786 FF26  
                                                          l778 FF08  
                                                          l788 FF28  
                                                          l796 FFB2  
                                                          l798 FFB6  
                                                __CFG_BBEN$OFF 000000  
                                                 __CFG_ZCD$OFF 000000  
                                                         _LATB 003FBB  
                                                         _LATC 003FBC  
                                                         _LATD 003FBD  
                                                         _WPUB 003A51  
                                                __CFG_FCMEN$ON 000000  
                                                         _main FF76  
                                                         start FFFC  
                                                __CFG_CSWEN$ON 000000  
                                                 ___param_bank 000000  
                                          __end_of_ConfigPorts FF76  
                                                        ?_main 0001  
                                                        _ADPCH 003EF1  
                                                __CFG_WDTE$OFF 000000  
                                               __CFG_DEBUG$OFF 000000  
                                                        _U2TXB 003DD2  
                                                        _TMR0H 003FB7  
                                                        _TMR0L 003FB6  
                                                        _TRISB 003FC3  
                                                        _TRISC 003FC4  
                                                        _TRISD 003FC5  
                                                __CFG_WRTB$OFF 000000  
                                                __CFG_WRTC$OFF 000000  
                                                __CFG_WRTD$OFF 000000  
                                           __CFG_MCLRE$EXTMCLR 000000  
                                              __initialization FEF4  
                                                   _InitTimer0 FF26  
                                                 __end_of_main FFB2  
                                               __CFG_SAFEN$OFF 000000  
                                                       ??_main 0003  
                                               __CFG_PR1WAY$ON 000000  
                                                __activetblptr 000000  
                                               __CFG_MVECEN$ON 000000  
                                           __size_of_ConfigADC 000E  
                                                       _ADRESH 003EF0  
                                                       _ADRESL 003EEF  
                                                       _ANSELB 003A50  
                                                       _ANSELC 003A60  
                                                       _ANSELD 003A70  
                                                       _U2BRGH 003DDE  
                                                       _U2BRGL 003DDD  
                                                       _RD6PPS 003A1E  
                                               __CFG_WDTCCS$SC 000000  
                                           __CFG_RSTOSC$EXTOSC 000000  
  __end_of_convertAnythingThatIsAnalogToTheSuperiorDigitalForm FFFC  
 __size_of_convertAnythingThatIsAnalogToTheSuperiorDigitalForm 004A  
        ??_convertAnythingThatIsAnalogToTheSuperiorDigitalForm 0001  
         ?_convertAnythingThatIsAnalogToTheSuperiorDigitalForm 0001  
          _convertAnythingThatIsAnalogToTheSuperiorDigitalForm FFB2  
                                                  _ConfigPorts FF46  
                                         __size_of_configUART2 001E  
                                               __CFG_XINST$OFF 000000  
                                               __CFG_STVREN$ON 000000  
                                                   __accesstop 0060  
                                      __end_of__initialization FEF4  
                                              __CFG_FEXTOSC$HS 000000  
                                                ___rparam_used 000001  
                                            __end_of_ConfigADC FF08  
                                               __pcstackCOMRAM 0001  
                                                  ?_InitTimer0 0001  
                                              __CFG_IVT1WAY$ON 000000  
                                              __CFG_PPS1WAY$ON 000000  
                                          __CFG_PWRTS$PWRT_OFF 000000  
                                          __size_of_InitTimer0 0020  
                                                      __Hparam 0000  
                                                      __Lparam 0000  
                                                      __pcinit FEF4  
                                                      __ramtop 2000  
                                                      __ptext0 FF76  
                                                      __ptext1 FFB2  
                                                      __ptext2 FF08  
                                                      __ptext3 FF26  
                                                      __ptext4 FF46  
                                                      __ptext5 FEFA  
                                              __CFG_WRTAPP$OFF 000000  
                                              __CFG_WRTSAF$OFF 000000  
                                         end_of_initialization FEF4  
                                                 ?_ConfigPorts 0001  
                                        __CFG_WDTCPS$WDTCPS_31 000000  
                                                    _TRISAbits 003FC2  
                                                    _TRISDbits 003FC5  
                                                ??_configUART2 0001  
                                                 ??_InitTimer0 0001  
                                                    _ConfigADC FEFA  
                                          start_initialization FEF4  
                                           __end_of_InitTimer0 FF46  
 convertAnythingThatIsAnalogToTheSuperiorDigitalForm@resultLow 0001  
                                             __CFG_LPBOREN$OFF 000000  
                                          __end_of_configUART2 FF26  
                                                   ?_ConfigADC 0001  
                                         __size_of_ConfigPorts 0030  
                                       __CFG_BBSIZE$BBSIZE_512 000000  
                                                  _configUART2 FF08  
                                          __CFG_BORV$VBOR_2P45 000000  
                                                     _PIR1bits 0039A1  
                                                     _PIR3bits 0039A3  
                                                     _PIR6bits 0039A6  
                                                  ??_ConfigADC 0001  
                                                   _ADCON0bits 003EF8  
convertAnythingThatIsAnalogToTheSuperiorDigitalForm@resultHigh 0002  
                                                     __Hrparam 0000  
                                                     __Lrparam 0000  
                                           __CFG_BOREN$SBORDIS 000000  
                                                   _ANSELAbits 003A40  
                                                   _T0CON0bits 003FB8  
                                                   _T0CON1bits 003FB9  
                                                   _U2CON0bits 003DDA  
                                                   _U2CON1bits 003DDB  
                                                __size_of_main 003C  
                                         __CFG_WDTCWS$WDTCWS_7 000000  
                                            __CFG_CLKOUTEN$OFF 000000  
                                                ??_ConfigPorts 0001  
                                                 ?_configUART2 0001  
